# JRE version: Java(TM) SE Runtime Environment (17.0.12+8) (build 17.0.12+8-LTS-286)
# Java VM: Java HotSpot(TM) 64-Bit Server VM (17.0.12+8-LTS-286, mixed mode, sharing, tiered, compressed oops, compressed class ptrs, g1 gc, windows-amd64)
GC Precious Log:
 CPUs: 12 total, 12 available
 Memory: 15708M
 Large Page Support: Disabled
 NUMA Support: Disabled
 Compressed Oops: Enabled (Zero based)
 Heap Region Size: 2M
 Heap Min Capacity: 8M
 Heap Initial Capacity: 246M
 Heap Max Capacity: 3928M
 Pre-touch: Disabled
 Parallel Workers: 10
 Concurrent Workers: 3
 Concurrent Refinement Workers: 10
 Periodic GC: Disabled
Heap:
 garbage-first heap   total 61440K, used 40011K [0x000000070a800000, 0x0000000800000000)
  region size 2048K, 13 young (26624K), 2 survivors (4096K)
 Metaspace       used 34224K, committed 34688K, reserved 1114112K
  class space    used 4189K, committed 4416K, reserved 1048576K
GC Heap History (12 events):
Event: 0.541 GC heap before
{Heap before GC invocations=0 (full 0):
 garbage-first heap   total 251904K, used 20480K [0x000000070a800000, 0x0000000800000000)
  region size 2048K, 11 young (22528K), 0 survivors (0K)
 Metaspace       used 5122K, committed 5248K, reserved 1114112K
  class space    used 588K, committed 640K, reserved 1048576K
}
Event: 0.545 GC heap after
{Heap after GC invocations=1 (full 0):
 garbage-first heap   total 251904K, used 6901K [0x000000070a800000, 0x0000000800000000)
  region size 2048K, 2 young (4096K), 2 survivors (4096K)
 Metaspace       used 5122K, committed 5248K, reserved 1114112K
  class space    used 588K, committed 640K, reserved 1048576K
}
Event: 0.915 GC heap before
{Heap before GC invocations=1 (full 0):
 garbage-first heap   total 251904K, used 29429K [0x000000070a800000, 0x0000000800000000)
  region size 2048K, 14 young (28672K), 2 survivors (4096K)
 Metaspace       used 10966K, committed 11200K, reserved 1114112K
  class space    used 1319K, committed 1472K, reserved 1048576K
}
Event: 0.919 GC heap after
{Heap after GC invocations=2 (full 0):
 garbage-first heap   total 251904K, used 9075K [0x000000070a800000, 0x0000000800000000)
  region size 2048K, 2 young (4096K), 2 survivors (4096K)
 Metaspace       used 10966K, committed 11200K, reserved 1114112K
  class space    used 1319K, committed 1472K, reserved 1048576K
}
Event: 1.897 GC heap before
{Heap before GC invocations=2 (full 0):
 garbage-first heap   total 251904K, used 62323K [0x000000070a800000, 0x0000000800000000)
  region size 2048K, 29 young (59392K), 2 survivors (4096K)
 Metaspace       used 21165K, committed 21504K, reserved 1114112K
  class space    used 2623K, committed 2816K, reserved 1048576K
}
Event: 1.903 GC heap after
{Heap after GC invocations=3 (full 0):
 garbage-first heap   total 251904K, used 13172K [0x000000070a800000, 0x0000000800000000)
  region size 2048K, 4 young (8192K), 4 survivors (8192K)
 Metaspace       used 21165K, committed 21504K, reserved 1114112K
  class space    used 2623K, committed 2816K, reserved 1048576K
}
Event: 2.567 GC heap before
{Heap before GC invocations=4 (full 0):
 garbage-first heap   total 61440K, used 41844K [0x000000070a800000, 0x0000000800000000)
  region size 2048K, 18 young (36864K), 4 survivors (8192K)
 Metaspace       used 26615K, committed 27008K, reserved 1114112K
  class space    used 3340K, committed 3520K, reserved 1048576K
}
Event: 2.572 GC heap after
{Heap after GC invocations=5 (full 0):
 garbage-first heap   total 61440K, used 16049K [0x000000070a800000, 0x0000000800000000)
  region size 2048K, 2 young (4096K), 2 survivors (4096K)
 Metaspace       used 26615K, committed 27008K, reserved 1114112K
  class space    used 3340K, committed 3520K, reserved 1048576K
}
Event: 2.610 GC heap before
{Heap before GC invocations=5 (full 0):
 garbage-first heap   total 61440K, used 18097K [0x000000070a800000, 0x0000000800000000)
  region size 2048K, 3 young (6144K), 2 survivors (4096K)
 Metaspace       used 27087K, committed 27456K, reserved 1114112K
  class space    used 3399K, committed 3584K, reserved 1048576K
}
Event: 2.612 GC heap after
{Heap after GC invocations=6 (full 0):
 garbage-first heap   total 61440K, used 16573K [0x000000070a800000, 0x0000000800000000)
  region size 2048K, 1 young (2048K), 1 survivors (2048K)
 Metaspace       used 27087K, committed 27456K, reserved 1114112K
  class space    used 3399K, committed 3584K, reserved 1048576K
}
Event: 17.524 GC heap before
{Heap before GC invocations=6 (full 0):
 garbage-first heap   total 61440K, used 39101K [0x000000070a800000, 0x0000000800000000)
  region size 2048K, 12 young (24576K), 1 survivors (2048K)
 Metaspace       used 32568K, committed 32960K, reserved 1114112K
  class space    used 4054K, committed 4224K, reserved 1048576K
}
Event: 17.528 GC heap after
{Heap after GC invocations=7 (full 0):
 garbage-first heap   total 61440K, used 19531K [0x000000070a800000, 0x0000000800000000)
  region size 2048K, 2 young (4096K), 2 survivors (4096K)
 Metaspace       used 32568K, committed 32960K, reserved 1114112K
  class space    used 4054K, committed 4224K, reserved 1048576K
}

